<?xml version="1.0" encoding="UTF-8"?>
<!-- Generated by org.testng.reporters.JUnitReportReporter -->
<testsuite skipped="0" hostname="Almighty" name="page.Home" tests="1" failures="0" timestamp="04 Feb 2019 09:58:14 GMT" time="0.157" errors="0">
  <testcase name="homepage" time="0.157" classname="page.Home"/>
</testsuite> <!-- page.Home -->
