<?xml version="1.0" encoding="UTF-8"?>
<!-- Generated by org.testng.reporters.JUnitReportReporter -->
<testsuite skipped="0" hostname="Almighty" name="intial_steps.Open_Browser" tests="1" failures="0" timestamp="20 Jan 2019 13:10:57 GMT" time="0.031" errors="0">
  <testcase name="openbrowser" time="0.031" classname="intial_steps.Open_Browser"/>
</testsuite> <!-- intial_steps.Open_Browser -->
