<?xml version="1.0" encoding="UTF-8"?>
<!-- Generated by org.testng.reporters.JUnitReportReporter -->
<testsuite skipped="0" hostname="Almighty" name="page.Login" tests="1" failures="0" timestamp="04 Feb 2019 09:58:14 GMT" time="10.134" errors="0">
  <testcase name="register" time="10.134" classname="page.Login"/>
</testsuite> <!-- page.Login -->
