<?xml version="1.0" encoding="UTF-8"?>
<!-- Generated by org.testng.reporters.JUnitReportReporter -->
<testsuite skipped="0" hostname="Almighty" name="initial_steps.Open_Browser" tests="1" failures="0" timestamp="20 Jan 2019 14:03:01 GMT" time="43.591" errors="0">
  <testcase name="openbrowser" time="43.591" classname="initial_steps.Open_Browser"/>
</testsuite> <!-- initial_steps.Open_Browser -->
