<?xml version="1.0" encoding="UTF-8"?>
<!-- Generated by org.testng.reporters.JUnitReportReporter -->
<testsuite skipped="0" hostname="Almighty" name="page.HomeTest" tests="1" failures="0" timestamp="18 Jan 2020 18:29:42 GMT" time="0.130" errors="0">
  <testcase name="homepage" time="0.130" classname="page.HomeTest"/>
</testsuite> <!-- page.HomeTest -->
